Determining if the pthread_create exist failed with the following output:
Change Dir: /home/team6/catkin_ws/build/CMakeFiles/CMakeTmp

Run Build Command:"/usr/bin/make" "cmTC_08927/fast"
/usr/bin/make -f CMakeFiles/cmTC_08927.dir/build.make CMakeFiles/cmTC_08927.dir/build
make[1]: Entering directory '/home/team6/catkin_ws/build/CMakeFiles/CMakeTmp'
Building C object CMakeFiles/cmTC_08927.dir/CheckSymbolExists.c.o
/usr/bin/cc    -o CMakeFiles/cmTC_08927.dir/CheckSymbolExists.c.o   -c /home/team6/catkin_ws/build/CMakeFiles/CMakeTmp/CheckSymbolExists.c
Linking C executable cmTC_08927
/usr/bin/cmake -E cmake_link_script CMakeFiles/cmTC_08927.dir/link.txt --verbose=1
/usr/bin/cc      -rdynamic CMakeFiles/cmTC_08927.dir/CheckSymbolExists.c.o  -o cmTC_08927 
CMakeFiles/cmTC_08927.dir/CheckSymbolExists.c.o: In function `main':
CheckSymbolExists.c:(.text+0x14): undefined reference to `pthread_create'
CheckSymbolExists.c:(.text+0x18): undefined reference to `pthread_create'
collect2: error: ld returned 1 exit status
CMakeFiles/cmTC_08927.dir/build.make:97: recipe for target 'cmTC_08927' failed
make[1]: *** [cmTC_08927] Error 1
make[1]: Leaving directory '/home/team6/catkin_ws/build/CMakeFiles/CMakeTmp'
Makefile:126: recipe for target 'cmTC_08927/fast' failed
make: *** [cmTC_08927/fast] Error 2

File /home/team6/catkin_ws/build/CMakeFiles/CMakeTmp/CheckSymbolExists.c:
/* */
#include <pthread.h>

int main(int argc, char** argv)
{
  (void)argv;
#ifndef pthread_create
  return ((int*)(&pthread_create))[argc];
#else
  (void)argc;
  return 0;
#endif
}

Determining if the function pthread_create exists in the pthreads failed with the following output:
Change Dir: /home/team6/catkin_ws/build/CMakeFiles/CMakeTmp

Run Build Command:"/usr/bin/make" "cmTC_c6502/fast"
/usr/bin/make -f CMakeFiles/cmTC_c6502.dir/build.make CMakeFiles/cmTC_c6502.dir/build
make[1]: Entering directory '/home/team6/catkin_ws/build/CMakeFiles/CMakeTmp'
Building C object CMakeFiles/cmTC_c6502.dir/CheckFunctionExists.c.o
/usr/bin/cc   -DCHECK_FUNCTION_EXISTS=pthread_create   -o CMakeFiles/cmTC_c6502.dir/CheckFunctionExists.c.o   -c /usr/share/cmake-3.10/Modules/CheckFunctionExists.c
Linking C executable cmTC_c6502
/usr/bin/cmake -E cmake_link_script CMakeFiles/cmTC_c6502.dir/link.txt --verbose=1
/usr/bin/cc  -DCHECK_FUNCTION_EXISTS=pthread_create    -rdynamic CMakeFiles/cmTC_c6502.dir/CheckFunctionExists.c.o  -o cmTC_c6502 -lpthreads 
/usr/bin/ld: cannot find -lpthreads
collect2: error: ld returned 1 exit status
CMakeFiles/cmTC_c6502.dir/build.make:97: recipe for target 'cmTC_c6502' failed
make[1]: *** [cmTC_c6502] Error 1
make[1]: Leaving directory '/home/team6/catkin_ws/build/CMakeFiles/CMakeTmp'
Makefile:126: recipe for target 'cmTC_c6502/fast' failed
make: *** [cmTC_c6502/fast] Error 2


