Determining if the pthread_create exist failed with the following output:
Change Dir: /home/team6/catkin_ws/build/CMakeFiles/CMakeTmp

Run Build Command:"/usr/bin/make" "cmTC_91437/fast"
/usr/bin/make -f CMakeFiles/cmTC_91437.dir/build.make CMakeFiles/cmTC_91437.dir/build
make[1]: Entering directory '/home/team6/catkin_ws/build/CMakeFiles/CMakeTmp'
Building C object CMakeFiles/cmTC_91437.dir/CheckSymbolExists.c.o
/usr/bin/cc    -o CMakeFiles/cmTC_91437.dir/CheckSymbolExists.c.o   -c /home/team6/catkin_ws/build/CMakeFiles/CMakeTmp/CheckSymbolExists.c
Linking C executable cmTC_91437
/usr/bin/cmake -E cmake_link_script CMakeFiles/cmTC_91437.dir/link.txt --verbose=1
/usr/bin/cc      -rdynamic CMakeFiles/cmTC_91437.dir/CheckSymbolExists.c.o  -o cmTC_91437 
CMakeFiles/cmTC_91437.dir/CheckSymbolExists.c.o: In function `main':
CheckSymbolExists.c:(.text+0x14): undefined reference to `pthread_create'
CheckSymbolExists.c:(.text+0x18): undefined reference to `pthread_create'
collect2: error: ld returned 1 exit status
CMakeFiles/cmTC_91437.dir/build.make:97: recipe for target 'cmTC_91437' failed
make[1]: *** [cmTC_91437] Error 1
make[1]: Leaving directory '/home/team6/catkin_ws/build/CMakeFiles/CMakeTmp'
Makefile:126: recipe for target 'cmTC_91437/fast' failed
make: *** [cmTC_91437/fast] Error 2

File /home/team6/catkin_ws/build/CMakeFiles/CMakeTmp/CheckSymbolExists.c:
/* */
#include <pthread.h>

int main(int argc, char** argv)
{
  (void)argv;
#ifndef pthread_create
  return ((int*)(&pthread_create))[argc];
#else
  (void)argc;
  return 0;
#endif
}

Determining if the function pthread_create exists in the pthreads failed with the following output:
Change Dir: /home/team6/catkin_ws/build/CMakeFiles/CMakeTmp

Run Build Command:"/usr/bin/make" "cmTC_d0fab/fast"
/usr/bin/make -f CMakeFiles/cmTC_d0fab.dir/build.make CMakeFiles/cmTC_d0fab.dir/build
make[1]: Entering directory '/home/team6/catkin_ws/build/CMakeFiles/CMakeTmp'
Building C object CMakeFiles/cmTC_d0fab.dir/CheckFunctionExists.c.o
/usr/bin/cc   -DCHECK_FUNCTION_EXISTS=pthread_create   -o CMakeFiles/cmTC_d0fab.dir/CheckFunctionExists.c.o   -c /usr/share/cmake-3.10/Modules/CheckFunctionExists.c
Linking C executable cmTC_d0fab
/usr/bin/cmake -E cmake_link_script CMakeFiles/cmTC_d0fab.dir/link.txt --verbose=1
/usr/bin/cc  -DCHECK_FUNCTION_EXISTS=pthread_create    -rdynamic CMakeFiles/cmTC_d0fab.dir/CheckFunctionExists.c.o  -o cmTC_d0fab -lpthreads 
/usr/bin/ld: cannot find -lpthreads
collect2: error: ld returned 1 exit status
CMakeFiles/cmTC_d0fab.dir/build.make:97: recipe for target 'cmTC_d0fab' failed
make[1]: *** [cmTC_d0fab] Error 1
make[1]: Leaving directory '/home/team6/catkin_ws/build/CMakeFiles/CMakeTmp'
Makefile:126: recipe for target 'cmTC_d0fab/fast' failed
make: *** [cmTC_d0fab/fast] Error 2


